0 info it worked if it ends with ok
1 verbose cli [ '/usr/local/bin/node', '/usr/local/bin/npm', 'start' ]
2 info using npm@3.8.3
3 info using node@v5.10.1
4 verbose run-script [ 'prestart', 'start', 'poststart' ]
5 info lifecycle Resistance@~prestart: Resistance@
6 silly lifecycle Resistance@~prestart: no script for prestart, continuing
7 info lifecycle Resistance@~start: Resistance@
8 verbose lifecycle Resistance@~start: unsafe-perm in lifecycle true
9 verbose lifecycle Resistance@~start: PATH: /usr/local/lib/node_modules/npm/bin/node-gyp-bin:/Users/jeremy/Documents/resistance/node_modules/.bin:/usr/local/bin:/Library/Frameworks/Python.framework/Versions/3.4/bin:/usr/local/heroku/bin:/Library/Frameworks/Python.framework/Versions/2.7/bin:/usr/local/bin:/usr/bin:/bin:/usr/sbin:/sbin:/opt/X11/bin:/usr/local/git/bin
10 verbose lifecycle Resistance@~start: CWD: /Users/jeremy/Documents/resistance
11 silly lifecycle Resistance@~start: Args: [ '-c', 'node index.js' ]
12 silly lifecycle Resistance@~start: Returned: code: 1  signal: null
13 info lifecycle Resistance@~start: Failed to exec start script
14 verbose stack Error: Resistance@ start: `node index.js`
14 verbose stack Exit status 1
14 verbose stack     at EventEmitter.<anonymous> (/usr/local/lib/node_modules/npm/lib/utils/lifecycle.js:239:16)
14 verbose stack     at emitTwo (events.js:100:13)
14 verbose stack     at EventEmitter.emit (events.js:185:7)
14 verbose stack     at ChildProcess.<anonymous> (/usr/local/lib/node_modules/npm/lib/utils/spawn.js:24:14)
14 verbose stack     at emitTwo (events.js:100:13)
14 verbose stack     at ChildProcess.emit (events.js:185:7)
14 verbose stack     at maybeClose (internal/child_process.js:850:16)
14 verbose stack     at Process.ChildProcess._handle.onexit (internal/child_process.js:215:5)
15 verbose pkgid Resistance@
16 verbose cwd /Users/jeremy/Documents/resistance
17 error Darwin 14.1.0
18 error argv "/usr/local/bin/node" "/usr/local/bin/npm" "start"
19 error node v5.10.1
20 error npm  v3.8.3
21 error code ELIFECYCLE
22 error Resistance@ start: `node index.js`
22 error Exit status 1
23 error Failed at the Resistance@ start script 'node index.js'.
23 error Make sure you have the latest version of node.js and npm installed.
23 error If you do, this is most likely a problem with the Resistance package,
23 error not with npm itself.
23 error Tell the author that this fails on your system:
23 error     node index.js
23 error You can get information on how to open an issue for this project with:
23 error     npm bugs Resistance
23 error Or if that isn't available, you can get their info via:
23 error     npm owner ls Resistance
23 error There is likely additional logging output above.
24 verbose exit [ 1, true ]
